This file contains any messages produced by compilers while
running configure, to aid debugging if configure makes a mistake.

It was created by libgpg-error configure 1.6, which was
generated by GNU Autoconf 2.61.  Invocation command line was

  $ ./configure 

## --------- ##
## Platform. ##
## --------- ##

hostname = baracus
uname -m = x86_64
uname -r = 2.6.31-1-amd64
uname -s = Linux
uname -v = #1 SMP Mon Nov 16 04:44:38 UTC 2009

/usr/bin/uname -p = unknown
/bin/uname -X     = unknown

/bin/arch              = unknown
/usr/bin/arch -k       = unknown
/usr/convex/getsysinfo = unknown
/usr/bin/hostinfo      = unknown
/bin/machine           = unknown
/usr/bin/oslevel       = unknown
/bin/universe          = unknown

PATH: /home/bpellin/usr/lib/android-sdk-linux/tools
PATH: /usr/local/bin
PATH: /usr/bin
PATH: /bin
PATH: /usr/games
PATH: /home/bpellin/scratch/jikesrvm-2.3.1/rvm/bin
PATH: /home/bpellin/usr/bin


## ----------- ##
## Core tests. ##
## ----------- ##

configure:2040: checking for a BSD-compatible install
configure:2096: result: /usr/bin/install -c
configure:2107: checking whether build environment is sane
configure:2150: result: yes
configure:2178: checking for a thread-safe mkdir -p
configure:2217: result: /bin/mkdir -p
configure:2230: checking for gawk
configure:2246: found /usr/bin/gawk
configure:2257: result: gawk
configure:2268: checking whether make sets $(MAKE)
configure:2289: result: yes
configure:2477: checking whether to enable maintainer-specific portions of Makefiles
configure:2486: result: no
configure:2511: checking build system type
configure:2529: result: x86_64-unknown-linux-gnu
configure:2551: checking host system type
configure:2566: result: x86_64-unknown-linux-gnu
configure:2592: autobuild project... libgpg-error
configure:2594: autobuild revision... 1.6
configure:2598: autobuild hostname... baracus
configure:2607: autobuild timestamp... 20091128-214036
configure:2661: checking for gcc
configure:2677: found /usr/bin/gcc
configure:2688: result: gcc
configure:2926: checking for C compiler version
configure:2933: gcc --version >&5
gcc (Debian 4.3.4-6) 4.3.4
Copyright (C) 2008 Free Software Foundation, Inc.
This is free software; see the source for copying conditions.  There is NO
warranty; not even for MERCHANTABILITY or FITNESS FOR A PARTICULAR PURPOSE.

configure:2936: $? = 0
configure:2943: gcc -v >&5
Using built-in specs.
Target: x86_64-linux-gnu
Configured with: ../src/configure -v --with-pkgversion='Debian 4.3.4-6' --with-bugurl=file:///usr/share/doc/gcc-4.3/README.Bugs --enable-languages=c,c++,fortran,objc,obj-c++ --prefix=/usr --enable-shared --enable-multiarch --enable-linker-build-id --with-system-zlib --libexecdir=/usr/lib --without-included-gettext --enable-threads=posix --enable-nls --with-gxx-include-dir=/usr/include/c++/4.3 --program-suffix=-4.3 --enable-clocale=gnu --enable-libstdcxx-debug --enable-objc-gc --enable-mpfr --with-tune=generic --enable-checking=release --build=x86_64-linux-gnu --host=x86_64-linux-gnu --target=x86_64-linux-gnu
Thread model: posix
gcc version 4.3.4 (Debian 4.3.4-6) 
configure:2946: $? = 0
configure:2953: gcc -V >&5
gcc: '-V' option must have argument
configure:2956: $? = 1
configure:2979: checking for C compiler default output file name
configure:3006: gcc    conftest.c  >&5
configure:3009: $? = 0
configure:3047: result: a.out
configure:3064: checking whether the C compiler works
configure:3074: ./a.out
configure:3077: $? = 0
configure:3094: result: yes
configure:3101: checking whether we are cross compiling
configure:3103: result: no
configure:3106: checking for suffix of executables
configure:3113: gcc -o conftest    conftest.c  >&5
configure:3116: $? = 0
configure:3140: result: 
configure:3146: checking for suffix of object files
configure:3172: gcc -c   conftest.c >&5
configure:3175: $? = 0
configure:3198: result: o
configure:3202: checking whether we are using the GNU C compiler
configure:3231: gcc -c   conftest.c >&5
configure:3237: $? = 0
configure:3254: result: yes
configure:3259: checking whether gcc accepts -g
configure:3289: gcc -c -g  conftest.c >&5
configure:3295: $? = 0
configure:3394: result: yes
configure:3411: checking for gcc option to accept ISO C89
configure:3485: gcc  -c -g -O2  conftest.c >&5
configure:3491: $? = 0
configure:3514: result: none needed
configure:3543: checking for style of include used by make
configure:3571: result: GNU
configure:3596: checking dependency style of gcc
configure:3687: result: gcc3
configure:3703: checking whether gcc and cc understand -c and -o together
configure:3738: gcc -c conftest.c -o conftest2.o >&5
configure:3741: $? = 0
configure:3747: gcc -c conftest.c -o conftest2.o >&5
configure:3750: $? = 0
configure:3761: cc -c conftest.c >&5
configure:3764: $? = 0
configure:3772: cc -c conftest.c -o conftest2.o >&5
configure:3775: $? = 0
configure:3781: cc -c conftest.c -o conftest2.o >&5
configure:3784: $? = 0
configure:3802: result: yes
configure:3833: checking how to run the C preprocessor
configure:3873: gcc -E  conftest.c
configure:3879: $? = 0
configure:3910: gcc -E  conftest.c
conftest.c:10:28: error: ac_nonexistent.h: No such file or directory
configure:3916: $? = 1
configure: failed program was:
| /* confdefs.h.  */
| #define PACKAGE_NAME "libgpg-error"
| #define PACKAGE_TARNAME "libgpg-error"
| #define PACKAGE_VERSION "1.6"
| #define PACKAGE_STRING "libgpg-error 1.6"
| #define PACKAGE_BUGREPORT "bug-gnupg@gnupg.org"
| #define PACKAGE "libgpg-error"
| #define VERSION "1.6"
| /* end confdefs.h.  */
| #include <ac_nonexistent.h>
configure:3949: result: gcc -E
configure:3978: gcc -E  conftest.c
configure:3984: $? = 0
configure:4015: gcc -E  conftest.c
conftest.c:10:28: error: ac_nonexistent.h: No such file or directory
configure:4021: $? = 1
configure: failed program was:
| /* confdefs.h.  */
| #define PACKAGE_NAME "libgpg-error"
| #define PACKAGE_TARNAME "libgpg-error"
| #define PACKAGE_VERSION "1.6"
| #define PACKAGE_STRING "libgpg-error 1.6"
| #define PACKAGE_BUGREPORT "bug-gnupg@gnupg.org"
| #define PACKAGE "libgpg-error"
| #define VERSION "1.6"
| /* end confdefs.h.  */
| #include <ac_nonexistent.h>
configure:4062: checking for gawk
configure:4089: result: gawk
configure:4143: checking for ar
configure:4159: found /usr/bin/ar
configure:4170: result: ar
configure:4241: checking for windres
configure:4271: result: no
configure:4378: checking for a sed that does not truncate output
configure:4432: result: /bin/sed
configure:4435: checking for grep that handles long lines and -e
configure:4509: result: /bin/grep
configure:4514: checking for egrep
configure:4592: result: /bin/grep -E
configure:4608: checking for ld used by gcc
configure:4675: result: /usr/bin/ld
configure:4684: checking if the linker (/usr/bin/ld) is GNU ld
configure:4699: result: yes
configure:4704: checking for /usr/bin/ld option to reload object files
configure:4711: result: -r
configure:4720: checking for BSD-compatible nm
configure:4762: result: /usr/bin/nm -B
configure:4766: checking whether ln -s works
configure:4770: result: yes
configure:4777: checking how to recognise dependent libraries
configure:4951: result: pass_all
configure:5036: gcc -c -g -O2  conftest.c >&5
configure:5039: $? = 0
configure:5448: checking for ANSI C header files
configure:5478: gcc -c -g -O2  conftest.c >&5
configure:5484: $? = 0
configure:5583: gcc -o conftest -g -O2   conftest.c  >&5
configure:5586: $? = 0
configure:5592: ./conftest
configure:5595: $? = 0
configure:5612: result: yes
configure:5636: checking for sys/types.h
configure:5657: gcc -c -g -O2  conftest.c >&5
configure:5663: $? = 0
configure:5679: result: yes
configure:5636: checking for sys/stat.h
configure:5657: gcc -c -g -O2  conftest.c >&5
configure:5663: $? = 0
configure:5679: result: yes
configure:5636: checking for stdlib.h
configure:5657: gcc -c -g -O2  conftest.c >&5
configure:5663: $? = 0
configure:5679: result: yes
configure:5636: checking for string.h
configure:5657: gcc -c -g -O2  conftest.c >&5
configure:5663: $? = 0
configure:5679: result: yes
configure:5636: checking for memory.h
configure:5657: gcc -c -g -O2  conftest.c >&5
configure:5663: $? = 0
configure:5679: result: yes
configure:5636: checking for strings.h
configure:5657: gcc -c -g -O2  conftest.c >&5
configure:5663: $? = 0
configure:5679: result: yes
configure:5636: checking for inttypes.h
configure:5657: gcc -c -g -O2  conftest.c >&5
configure:5663: $? = 0
configure:5679: result: yes
configure:5636: checking for stdint.h
configure:5657: gcc -c -g -O2  conftest.c >&5
configure:5663: $? = 0
configure:5679: result: yes
configure:5636: checking for unistd.h
configure:5657: gcc -c -g -O2  conftest.c >&5
configure:5663: $? = 0
configure:5679: result: yes
configure:5706: checking dlfcn.h usability
configure:5723: gcc -c -g -O2  conftest.c >&5
configure:5729: $? = 0
configure:5743: result: yes
configure:5747: checking dlfcn.h presence
configure:5762: gcc -E  conftest.c
configure:5768: $? = 0
configure:5782: result: yes
configure:5815: checking for dlfcn.h
configure:5823: result: yes
configure:5894: checking for g++
configure:5910: found /usr/bin/g++
configure:5921: result: g++
configure:5952: checking for C++ compiler version
configure:5959: g++ --version >&5
g++ (Debian 4.3.4-6) 4.3.4
Copyright (C) 2008 Free Software Foundation, Inc.
This is free software; see the source for copying conditions.  There is NO
warranty; not even for MERCHANTABILITY or FITNESS FOR A PARTICULAR PURPOSE.

configure:5962: $? = 0
configure:5969: g++ -v >&5
Using built-in specs.
Target: x86_64-linux-gnu
Configured with: ../src/configure -v --with-pkgversion='Debian 4.3.4-6' --with-bugurl=file:///usr/share/doc/gcc-4.3/README.Bugs --enable-languages=c,c++,fortran,objc,obj-c++ --prefix=/usr --enable-shared --enable-multiarch --enable-linker-build-id --with-system-zlib --libexecdir=/usr/lib --without-included-gettext --enable-threads=posix --enable-nls --with-gxx-include-dir=/usr/include/c++/4.3 --program-suffix=-4.3 --enable-clocale=gnu --enable-libstdcxx-debug --enable-objc-gc --enable-mpfr --with-tune=generic --enable-checking=release --build=x86_64-linux-gnu --host=x86_64-linux-gnu --target=x86_64-linux-gnu
Thread model: posix
gcc version 4.3.4 (Debian 4.3.4-6) 
configure:5972: $? = 0
configure:5979: g++ -V >&5
g++: '-V' option must have argument
configure:5982: $? = 1
configure:5985: checking whether we are using the GNU C++ compiler
configure:6014: g++ -c   conftest.cpp >&5
configure:6020: $? = 0
configure:6037: result: yes
configure:6042: checking whether g++ accepts -g
configure:6072: g++ -c -g  conftest.cpp >&5
configure:6078: $? = 0
configure:6177: result: yes
configure:6202: checking dependency style of g++
configure:6293: result: gcc3
configure:6313: checking how to run the C++ preprocessor
configure:6349: g++ -E  conftest.cpp
configure:6355: $? = 0
configure:6386: g++ -E  conftest.cpp
conftest.cpp:22:28: error: ac_nonexistent.h: No such file or directory
configure:6392: $? = 1
configure: failed program was:
| /* confdefs.h.  */
| #define PACKAGE_NAME "libgpg-error"
| #define PACKAGE_TARNAME "libgpg-error"
| #define PACKAGE_VERSION "1.6"
| #define PACKAGE_STRING "libgpg-error 1.6"
| #define PACKAGE_BUGREPORT "bug-gnupg@gnupg.org"
| #define PACKAGE "libgpg-error"
| #define VERSION "1.6"
| #define _GNU_SOURCE 1
| #define STDC_HEADERS 1
| #define HAVE_SYS_TYPES_H 1
| #define HAVE_SYS_STAT_H 1
| #define HAVE_STDLIB_H 1
| #define HAVE_STRING_H 1
| #define HAVE_MEMORY_H 1
| #define HAVE_STRINGS_H 1
| #define HAVE_INTTYPES_H 1
| #define HAVE_STDINT_H 1
| #define HAVE_UNISTD_H 1
| #define HAVE_DLFCN_H 1
| /* end confdefs.h.  */
| #include <ac_nonexistent.h>
configure:6425: result: g++ -E
configure:6454: g++ -E  conftest.cpp
configure:6460: $? = 0
configure:6491: g++ -E  conftest.cpp
conftest.cpp:22:28: error: ac_nonexistent.h: No such file or directory
configure:6497: $? = 1
configure: failed program was:
| /* confdefs.h.  */
| #define PACKAGE_NAME "libgpg-error"
| #define PACKAGE_TARNAME "libgpg-error"
| #define PACKAGE_VERSION "1.6"
| #define PACKAGE_STRING "libgpg-error 1.6"
| #define PACKAGE_BUGREPORT "bug-gnupg@gnupg.org"
| #define PACKAGE "libgpg-error"
| #define VERSION "1.6"
| #define _GNU_SOURCE 1
| #define STDC_HEADERS 1
| #define HAVE_SYS_TYPES_H 1
| #define HAVE_SYS_STAT_H 1
| #define HAVE_STDLIB_H 1
| #define HAVE_STRING_H 1
| #define HAVE_MEMORY_H 1
| #define HAVE_STRINGS_H 1
| #define HAVE_INTTYPES_H 1
| #define HAVE_STDINT_H 1
| #define HAVE_UNISTD_H 1
| #define HAVE_DLFCN_H 1
| /* end confdefs.h.  */
| #include <ac_nonexistent.h>
configure:6588: checking for g77
configure:6618: result: no
configure:6588: checking for xlf
configure:6618: result: no
configure:6588: checking for f77
configure:6618: result: no
configure:6588: checking for frt
configure:6618: result: no
configure:6588: checking for pgf77
configure:6618: result: no
configure:6588: checking for cf77
configure:6618: result: no
configure:6588: checking for fort77
configure:6618: result: no
configure:6588: checking for fl32
configure:6618: result: no
configure:6588: checking for af77
configure:6618: result: no
configure:6588: checking for xlf90
configure:6618: result: no
configure:6588: checking for f90
configure:6618: result: no
configure:6588: checking for pgf90
configure:6618: result: no
configure:6588: checking for pghpf
configure:6618: result: no
configure:6588: checking for epcf90
configure:6618: result: no
configure:6588: checking for gfortran
configure:6618: result: no
configure:6588: checking for g95
configure:6618: result: no
configure:6588: checking for xlf95
configure:6618: result: no
configure:6588: checking for f95
configure:6618: result: no
configure:6588: checking for fort
configure:6618: result: no
configure:6588: checking for ifort
configure:6618: result: no
configure:6588: checking for ifc
configure:6618: result: no
configure:6588: checking for efc
configure:6618: result: no
configure:6588: checking for pgf95
configure:6618: result: no
configure:6588: checking for lf95
configure:6618: result: no
configure:6588: checking for ftn
configure:6618: result: no
configure:6645: checking for Fortran 77 compiler version
configure:6652:  --version >&5
./configure: line 6653: --version: command not found
configure:6655: $? = 127
configure:6662:  -v >&5
./configure: line 6663: -v: command not found
configure:6665: $? = 127
configure:6672:  -V >&5
./configure: line 6673: -V: command not found
configure:6675: $? = 127
configure:6683: checking whether we are using the GNU Fortran 77 compiler
configure:6702:  -c  conftest.F >&5
./configure: line 6703: -c: command not found
configure:6708: $? = 127
configure: failed program was:
|       program main
| #ifndef __GNUC__
|        choke me
| #endif
| 
|       end
configure:6725: result: no
configure:6731: checking whether  accepts -g
configure:6748:  -c -g conftest.f >&5
./configure: line 6749: -c: command not found
configure:6754: $? = 127
configure: failed program was:
|       program main
| 
|       end
configure:6770: result: no
configure:6800: checking the maximum length of command line arguments
configure:6865: result: 32768
configure:6876: checking command to parse /usr/bin/nm -B output from gcc object
configure:6965: gcc -c -g -O2  conftest.c >&5
configure:6968: $? = 0
configure:6972: /usr/bin/nm -B conftest.o \| sed -n -e 's/^.*[ 	]\([ABCDGIRSTW][ABCDGIRSTW]*\)[ 	][ 	]*\(\)\([_A-Za-z][_A-Za-z0-9]*\)$/\1 \2\3 \3/p' \> conftest.nm
configure:6975: $? = 0
configure:7027: gcc -o conftest -g -O2   conftest.c conftstm.o >&5
configure:7030: $? = 0
configure:7068: result: ok
configure:7072: checking for objdir
configure:7087: result: .libs
configure:7179: checking for ar
configure:7206: result: ar
configure:7275: checking for ranlib
configure:7291: found /usr/bin/ranlib
configure:7302: result: ranlib
configure:7371: checking for strip
configure:7387: found /usr/bin/strip
configure:7398: result: strip
configure:7674: checking if gcc static flag  works
configure:7697: result: yes
configure:7719: checking if gcc supports -fno-rtti -fno-exceptions
configure:7737: gcc -c -g -O2  -fno-rtti -fno-exceptions conftest.c >&5
cc1: warning: command line option "-fno-rtti" is valid for C++/ObjC++ but not for C
configure:7741: $? = 0
configure:7752: result: no
configure:7767: checking for gcc option to produce PIC
configure:7944: result: -fPIC
configure:7952: checking if gcc PIC flag -fPIC works
configure:7970: gcc -c -g -O2  -fPIC -DPIC conftest.c >&5
configure:7974: $? = 0
configure:7985: result: yes
configure:8009: checking if gcc supports -c -o file.o
configure:8030: gcc -c -g -O2  -o out/conftest2.o conftest.c >&5
configure:8034: $? = 0
configure:8054: result: yes
configure:8080: checking whether the gcc linker (/usr/bin/ld -m elf_x86_64) supports shared libraries
configure:8925: result: yes
configure:8951: checking whether -lc should be explicitly linked in
configure:8956: gcc -c -g -O2  conftest.c >&5
configure:8959: $? = 0
configure:8973: gcc -shared conftest.o  -v -Wl,-soname -Wl,conftest -o conftest 2\>\&1 \| grep  -lc  \>/dev/null 2\>\&1
configure:8976: $? = 0
configure:8988: result: no
configure:8996: checking dynamic linker characteristics
configure:9548: result: GNU/Linux ld.so
configure:9552: checking how to hardcode library paths into programs
configure:9577: result: immediate
configure:9591: checking whether stripping libraries is possible
configure:9596: result: yes
configure:10393: checking if libtool supports shared libraries
configure:10395: result: yes
configure:10398: checking whether to build shared libraries
configure:10456: result: yes
configure:10459: checking whether to build static libraries
configure:10463: result: yes
configure:10555: creating libtool
configure:11102: checking for ld used by g++
configure:11169: result: /usr/bin/ld -m elf_x86_64
configure:11178: checking if the linker (/usr/bin/ld -m elf_x86_64) is GNU ld
configure:11193: result: yes
configure:11244: checking whether the g++ linker (/usr/bin/ld -m elf_x86_64) supports shared libraries
configure:12068: result: yes
configure:12090: g++ -c -g -O2  conftest.cc >&5
configure:12093: $? = 0
configure:12189: checking for g++ option to produce PIC
configure:12441: result: -fPIC
configure:12449: checking if g++ PIC flag -fPIC works
configure:12467: g++ -c -g -O2  -fPIC -DPIC conftest.cc >&5
configure:12471: $? = 0
configure:12482: result: yes
configure:12506: checking if g++ supports -c -o file.o
configure:12527: g++ -c -g -O2  -o out/conftest2.o conftest.cc >&5
configure:12531: $? = 0
configure:12551: result: yes
configure:12577: checking whether the g++ linker (/usr/bin/ld -m elf_x86_64) supports shared libraries
configure:12605: result: yes
configure:12676: checking dynamic linker characteristics
configure:13228: result: GNU/Linux ld.so
configure:13232: checking how to hardcode library paths into programs
configure:13257: result: immediate
configure:13271: checking whether stripping libraries is possible
configure:13276: result: yes
configure:20467: checking for cc for build
configure:20474: result: gcc
configure:20497: checking whether NLS is requested
configure:20506: result: yes
configure:20544: checking for msgfmt
configure: trying /usr/bin/msgfmt...
0 translated messages.
configure:20576: result: /usr/bin/msgfmt
configure:20585: checking for gmsgfmt
configure:20616: result: /usr/bin/msgfmt
configure:20667: checking for xgettext
configure: trying /usr/bin/xgettext...
/usr/bin/xgettext: warning: file `/dev/null' extension `' is unknown; will try C
configure:20699: result: /usr/bin/xgettext
configure:20745: checking for msgmerge
configure: trying /usr/bin/msgmerge...
configure:20776: result: /usr/bin/msgmerge
configure:20830: checking for ld used by GCC
configure:20894: result: /usr/bin/ld -m elf_x86_64
configure:20903: checking if the linker (/usr/bin/ld -m elf_x86_64) is GNU ld
configure:20916: result: yes
configure:20923: checking for shared library run path origin
configure:20936: result: done
configure:21372: checking for CFPreferencesCopyAppValue
configure:21400: gcc -o conftest -g -O2   conftest.c  -Wl,-framework -Wl,CoreFoundation >&5
conftest.c:22:42: error: CoreFoundation/CFPreferences.h: No such file or directory
conftest.c: In function 'main':
conftest.c:26: error: 'NULL' undeclared (first use in this function)
conftest.c:26: error: (Each undeclared identifier is reported only once
conftest.c:26: error: for each function it appears in.)
configure:21406: $? = 1
configure: failed program was:
| /* confdefs.h.  */
| #define PACKAGE_NAME "libgpg-error"
| #define PACKAGE_TARNAME "libgpg-error"
| #define PACKAGE_VERSION "1.6"
| #define PACKAGE_STRING "libgpg-error 1.6"
| #define PACKAGE_BUGREPORT "bug-gnupg@gnupg.org"
| #define PACKAGE "libgpg-error"
| #define VERSION "1.6"
| #define _GNU_SOURCE 1
| #define STDC_HEADERS 1
| #define HAVE_SYS_TYPES_H 1
| #define HAVE_SYS_STAT_H 1
| #define HAVE_STDLIB_H 1
| #define HAVE_STRING_H 1
| #define HAVE_MEMORY_H 1
| #define HAVE_STRINGS_H 1
| #define HAVE_INTTYPES_H 1
| #define HAVE_STDINT_H 1
| #define HAVE_UNISTD_H 1
| #define HAVE_DLFCN_H 1
| /* end confdefs.h.  */
| #include <CoreFoundation/CFPreferences.h>
| int
| main ()
| {
| CFPreferencesCopyAppValue(NULL, NULL)
|   ;
|   return 0;
| }
configure:21424: result: no
configure:21433: checking for CFLocaleCopyCurrent
configure:21461: gcc -o conftest -g -O2   conftest.c  -Wl,-framework -Wl,CoreFoundation >&5
conftest.c:22:37: error: CoreFoundation/CFLocale.h: No such file or directory
configure:21467: $? = 1
configure: failed program was:
| /* confdefs.h.  */
| #define PACKAGE_NAME "libgpg-error"
| #define PACKAGE_TARNAME "libgpg-error"
| #define PACKAGE_VERSION "1.6"
| #define PACKAGE_STRING "libgpg-error 1.6"
| #define PACKAGE_BUGREPORT "bug-gnupg@gnupg.org"
| #define PACKAGE "libgpg-error"
| #define VERSION "1.6"
| #define _GNU_SOURCE 1
| #define STDC_HEADERS 1
| #define HAVE_SYS_TYPES_H 1
| #define HAVE_SYS_STAT_H 1
| #define HAVE_STDLIB_H 1
| #define HAVE_STRING_H 1
| #define HAVE_MEMORY_H 1
| #define HAVE_STRINGS_H 1
| #define HAVE_INTTYPES_H 1
| #define HAVE_STDINT_H 1
| #define HAVE_UNISTD_H 1
| #define HAVE_DLFCN_H 1
| /* end confdefs.h.  */
| #include <CoreFoundation/CFLocale.h>
| int
| main ()
| {
| CFLocaleCopyCurrent();
|   ;
|   return 0;
| }
configure:21485: result: no
configure:21516: checking for GNU gettext in libc
configure:21545: gcc -o conftest -g -O2   conftest.c  >&5
configure:21551: $? = 0
configure:21568: result: yes
configure:22267: checking whether to use NLS
configure:22269: result: yes
configure:22272: checking where the gettext function comes from
configure:22283: result: libc
configure:22346: checking for ANSI C header files
configure:22510: result: yes
configure:22526: checking for stdlib.h
configure:22532: result: yes
configure:22536: checking locale.h usability
configure:22553: gcc -c -g -O2  conftest.c >&5
configure:22559: $? = 0
configure:22573: result: yes
configure:22577: checking locale.h presence
configure:22592: gcc -E  conftest.c
configure:22598: $? = 0
configure:22612: result: yes
configure:22645: checking for locale.h
configure:22653: result: yes
configure:22666: checking whether strerror_r is declared
configure:22695: gcc -c -g -O2  conftest.c >&5
configure:22701: $? = 0
configure:22716: result: yes
configure:22738: checking for strerror_r
configure:22794: gcc -o conftest -g -O2   conftest.c  >&5
configure:22800: $? = 0
configure:22818: result: yes
configure:22828: checking whether strerror_r returns char *
configure:22862: gcc -c -g -O2  conftest.c >&5
configure:22868: $? = 0
configure:22944: result: yes
configure:22960: checking for strerror_r
configure:23039: result: yes
configure:23052: checking for an ANSI C-conforming const
configure:23127: gcc -c -g -O2  conftest.c >&5
configure:23133: $? = 0
configure:23148: result: yes
configure:23367: creating ./config.status

## ---------------------- ##
## Running config.status. ##
## ---------------------- ##

This file was extended by libgpg-error config.status 1.6, which was
generated by GNU Autoconf 2.61.  Invocation command line was

  CONFIG_FILES    = 
  CONFIG_HEADERS  = 
  CONFIG_LINKS    = 
  CONFIG_COMMANDS = 
  $ ./config.status 

on baracus

config.status:712: creating src/gpg-error-config
config.status:712: creating Makefile
config.status:712: creating po/Makefile.in
config.status:712: creating m4/Makefile
config.status:712: creating src/Makefile
config.status:712: creating tests/Makefile
config.status:712: creating lang/Makefile
config.status:712: creating lang/cl/Makefile
config.status:712: creating lang/cl/gpg-error.asd
config.status:712: creating src/versioninfo.rc
config.status:712: creating config.h
config.status:949: config.h is unchanged
config.status:995: executing depfiles commands
config.status:995: executing po-directories commands

## ---------------- ##
## Cache variables. ##
## ---------------- ##

ac_cv_build=x86_64-unknown-linux-gnu
ac_cv_c_compiler_gnu=yes
ac_cv_c_const=yes
ac_cv_cxx_compiler_gnu=yes
ac_cv_env_CCC_set=
ac_cv_env_CCC_value=
ac_cv_env_CC_FOR_BUILD_set=
ac_cv_env_CC_FOR_BUILD_value=
ac_cv_env_CC_set=
ac_cv_env_CC_value=
ac_cv_env_CFLAGS_set=
ac_cv_env_CFLAGS_value=
ac_cv_env_CPPFLAGS_set=
ac_cv_env_CPPFLAGS_value=
ac_cv_env_CPP_set=
ac_cv_env_CPP_value=
ac_cv_env_CXXCPP_set=
ac_cv_env_CXXCPP_value=
ac_cv_env_CXXFLAGS_set=
ac_cv_env_CXXFLAGS_value=
ac_cv_env_CXX_set=
ac_cv_env_CXX_value=
ac_cv_env_F77_set=
ac_cv_env_F77_value=
ac_cv_env_FFLAGS_set=
ac_cv_env_FFLAGS_value=
ac_cv_env_LDFLAGS_set=
ac_cv_env_LDFLAGS_value=
ac_cv_env_LIBS_set=
ac_cv_env_LIBS_value=
ac_cv_env_build_alias_set=
ac_cv_env_build_alias_value=
ac_cv_env_host_alias_set=
ac_cv_env_host_alias_value=
ac_cv_env_target_alias_set=
ac_cv_env_target_alias_value=
ac_cv_f77_compiler_gnu=no
ac_cv_func_strerror_r=yes
ac_cv_func_strerror_r_char_p=yes
ac_cv_have_decl_strerror_r=yes
ac_cv_header_dlfcn_h=yes
ac_cv_header_inttypes_h=yes
ac_cv_header_locale_h=yes
ac_cv_header_memory_h=yes
ac_cv_header_stdc=yes
ac_cv_header_stdint_h=yes
ac_cv_header_stdlib_h=yes
ac_cv_header_string_h=yes
ac_cv_header_strings_h=yes
ac_cv_header_sys_stat_h=yes
ac_cv_header_sys_types_h=yes
ac_cv_header_unistd_h=yes
ac_cv_host=x86_64-unknown-linux-gnu
ac_cv_objext=o
ac_cv_path_EGREP='/bin/grep -E'
ac_cv_path_GMSGFMT=/usr/bin/msgfmt
ac_cv_path_GREP=/bin/grep
ac_cv_path_MSGFMT=/usr/bin/msgfmt
ac_cv_path_MSGMERGE=/usr/bin/msgmerge
ac_cv_path_XGETTEXT=/usr/bin/xgettext
ac_cv_path_install='/usr/bin/install -c'
ac_cv_path_mkdir=/bin/mkdir
ac_cv_prog_AWK=gawk
ac_cv_prog_CPP='gcc -E'
ac_cv_prog_CXXCPP='g++ -E'
ac_cv_prog_ac_ct_AR=ar
ac_cv_prog_ac_ct_CC=gcc
ac_cv_prog_ac_ct_CXX=g++
ac_cv_prog_ac_ct_RANLIB=ranlib
ac_cv_prog_ac_ct_STRIP=strip
ac_cv_prog_cc_c89=
ac_cv_prog_cc_g=yes
ac_cv_prog_cc_gcc_c_o=yes
ac_cv_prog_cxx_g=yes
ac_cv_prog_f77_g=no
ac_cv_prog_make_make_set=yes
acl_cv_hardcode_direct=no
acl_cv_hardcode_libdir_flag_spec='${wl}-rpath ${wl}$libdir'
acl_cv_hardcode_libdir_separator=
acl_cv_hardcode_minus_L=no
acl_cv_libext=a
acl_cv_path_LD='/usr/bin/ld -m elf_x86_64'
acl_cv_prog_gnu_ld=yes
acl_cv_rpath=done
acl_cv_shlibext=so
acl_cv_wl=-Wl,
am_cv_CC_dependencies_compiler_type=gcc3
am_cv_CXX_dependencies_compiler_type=gcc3
gt_cv_func_CFLocaleCopyCurrent=no
gt_cv_func_CFPreferencesCopyAppValue=no
gt_cv_func_gnugettext1_libc=yes
lt_cv_deplibs_check_method=pass_all
lt_cv_file_magic_cmd='$MAGIC_CMD'
lt_cv_file_magic_test_file=
lt_cv_ld_reload_flag=-r
lt_cv_objdir=.libs
lt_cv_path_LD=/usr/bin/ld
lt_cv_path_LDCXX='/usr/bin/ld -m elf_x86_64'
lt_cv_path_NM='/usr/bin/nm -B'
lt_cv_path_SED=/bin/sed
lt_cv_prog_compiler_c_o=yes
lt_cv_prog_compiler_c_o_CXX=yes
lt_cv_prog_compiler_c_o_RC=yes
lt_cv_prog_compiler_rtti_exceptions=no
lt_cv_prog_gnu_ld=yes
lt_cv_prog_gnu_ldcxx=yes
lt_cv_sys_global_symbol_pipe='sed -n -e '\''s/^.*[ 	]\([ABCDGIRSTW][ABCDGIRSTW]*\)[ 	][ 	]*\(\)\([_A-Za-z][_A-Za-z0-9]*\)$/\1 \2\3 \3/p'\'''
lt_cv_sys_global_symbol_to_c_name_address='sed -n -e '\''s/^: \([^ ]*\) $/  {\"\1\", (lt_ptr) 0},/p'\'' -e '\''s/^[BCDEGRST] \([^ ]*\) \([^ ]*\)$/  {"\2", (lt_ptr) \&\2},/p'\'''
lt_cv_sys_global_symbol_to_cdecl='sed -n -e '\''s/^. .* \(.*\)$/extern int \1;/p'\'''
lt_cv_sys_max_cmd_len=32768
lt_lt_cv_prog_compiler_c_o='"yes"'
lt_lt_cv_prog_compiler_c_o_CXX='"yes"'
lt_lt_cv_prog_compiler_c_o_RC='"yes"'
lt_lt_cv_sys_global_symbol_pipe='"sed -n -e '\''s/^.*[ 	]\\([ABCDGIRSTW][ABCDGIRSTW]*\\)[ 	][ 	]*\\(\\)\\([_A-Za-z][_A-Za-z0-9]*\\)\$/\\1 \\2\\3 \\3/p'\''"'
lt_lt_cv_sys_global_symbol_to_c_name_address='"sed -n -e '\''s/^: \\([^ ]*\\) \$/  {\\\"\\1\\\", (lt_ptr) 0},/p'\'' -e '\''s/^[BCDEGRST] \\([^ ]*\\) \\([^ ]*\\)\$/  {\"\\2\", (lt_ptr) \\&\\2},/p'\''"'
lt_lt_cv_sys_global_symbol_to_cdecl='"sed -n -e '\''s/^. .* \\(.*\\)\$/extern int \\1;/p'\''"'

## ----------------- ##
## Output variables. ##
## ----------------- ##

ACLOCAL='${SHELL} /home/bpellin/src/workspace/KeePassDroid/jni/libgpg-error/missing --run aclocal-1.10'
AMDEPBACKSLASH='\'
AMDEP_FALSE='#'
AMDEP_TRUE=''
AMTAR='${SHELL} /home/bpellin/src/workspace/KeePassDroid/jni/libgpg-error/missing --run tar'
AR='ar'
AS='as'
AUTOCONF='${SHELL} /home/bpellin/src/workspace/KeePassDroid/jni/libgpg-error/missing --run autoconf'
AUTOHEADER='${SHELL} /home/bpellin/src/workspace/KeePassDroid/jni/libgpg-error/missing --run autoheader'
AUTOMAKE='${SHELL} /home/bpellin/src/workspace/KeePassDroid/jni/libgpg-error/missing --run automake-1.10'
AWK='gawk'
BUILD_FILEVERSION=''
BUILD_TIMESTAMP=''
CC='gcc'
CCDEPMODE='depmode=gcc3'
CC_FOR_BUILD='gcc'
CFLAGS='-g -O2'
CPP='gcc -E'
CPPFLAGS=''
CXX='g++'
CXXCPP='g++ -E'
CXXDEPMODE='depmode=gcc3'
CXXFLAGS='-g -O2'
CYGPATH_W='echo'
DEFS='-DHAVE_CONFIG_H'
DEPDIR='.deps'
DLLTOOL='dlltool'
ECHO='echo'
ECHO_C=''
ECHO_N='-n'
ECHO_T=''
EGREP='/bin/grep -E'
EXEEXT=''
F77=''
FFLAGS=''
GMSGFMT='/usr/bin/msgfmt'
GMSGFMT_015='/usr/bin/msgfmt'
GPG_ERROR_CONFIG_CFLAGS=''
GPG_ERROR_CONFIG_LIBS='-lgpg-error'
GREP='/bin/grep'
HAVE_W32_SYSTEM_FALSE=''
HAVE_W32_SYSTEM_TRUE='#'
INSTALL_DATA='${INSTALL} -m 644'
INSTALL_PROGRAM='${INSTALL}'
INSTALL_SCRIPT='${INSTALL}'
INSTALL_STRIP_PROGRAM='$(install_sh) -c -s'
INTLLIBS=''
INTL_MACOSX_LIBS=''
LANGUAGES_SOME_FALSE='#'
LANGUAGES_SOME_TRUE=''
LDFLAGS=''
LIBGPG_ERROR_LT_AGE='4'
LIBGPG_ERROR_LT_CURRENT='4'
LIBGPG_ERROR_LT_REVISION='0'
LIBICONV='-liconv'
LIBINTL=''
LIBOBJS=''
LIBS=''
LIBTOOL='$(SHELL) $(top_builddir)/libtool'
LN_S='ln -s'
LTLIBICONV='-liconv'
LTLIBINTL=''
LTLIBOBJS=''
MAINT='#'
MAINTAINER_MODE_FALSE=''
MAINTAINER_MODE_TRUE='#'
MAKEINFO='${SHELL} /home/bpellin/src/workspace/KeePassDroid/jni/libgpg-error/missing --run makeinfo'
MSGFMT='/usr/bin/msgfmt'
MSGFMT_015='/usr/bin/msgfmt'
MSGMERGE='/usr/bin/msgmerge'
OBJDUMP='objdump'
OBJEXT='o'
PACKAGE='libgpg-error'
PACKAGE_BUGREPORT='bug-gnupg@gnupg.org'
PACKAGE_NAME='libgpg-error'
PACKAGE_STRING='libgpg-error 1.6'
PACKAGE_TARNAME='libgpg-error'
PACKAGE_VERSION='1.6'
PATH_SEPARATOR=':'
POSUB='po'
RANLIB='ranlib'
RC='no'
SET_MAKE=''
SHELL='/bin/sh'
STRIP='strip'
USE_NLS='yes'
VERSION='1.6'
XGETTEXT='/usr/bin/xgettext'
XGETTEXT_015='/usr/bin/xgettext'
ac_ct_CC='gcc'
ac_ct_CXX='g++'
ac_ct_F77=''
am__fastdepCC_FALSE='#'
am__fastdepCC_TRUE=''
am__fastdepCXX_FALSE='#'
am__fastdepCXX_TRUE=''
am__include='include'
am__isrc=''
am__leading_dot='.'
am__quote=''
am__tar='${AMTAR} chof - "$$tardir"'
am__untar='${AMTAR} xf -'
bindir='${exec_prefix}/bin'
build='x86_64-unknown-linux-gnu'
build_alias=''
build_cpu='x86_64'
build_os='linux-gnu'
build_vendor='unknown'
datadir='${datarootdir}'
datarootdir='${prefix}/share'
docdir='${datarootdir}/doc/${PACKAGE_TARNAME}'
dvidir='${docdir}'
exec_prefix='${prefix}'
host='x86_64-unknown-linux-gnu'
host_alias=''
host_cpu='x86_64'
host_os='linux-gnu'
host_vendor='unknown'
htmldir='${docdir}'
includedir='${prefix}/include'
infodir='${datarootdir}/info'
install_sh='$(SHELL) /home/bpellin/src/workspace/KeePassDroid/jni/libgpg-error/install-sh'
libdir='${exec_prefix}/lib'
libexecdir='${exec_prefix}/libexec'
localedir='${datarootdir}/locale'
localstatedir='${prefix}/var'
mandir='${datarootdir}/man'
mkdir_p='/bin/mkdir -p'
oldincludedir='/usr/include'
pdfdir='${docdir}'
prefix='/usr/local'
program_transform_name='s,x,x,'
psdir='${docdir}'
sbindir='${exec_prefix}/sbin'
sharedstatedir='${prefix}/com'
sysconfdir='${prefix}/etc'
target_alias=''

## ----------- ##
## confdefs.h. ##
## ----------- ##

#define PACKAGE_NAME "libgpg-error"
#define PACKAGE_TARNAME "libgpg-error"
#define PACKAGE_VERSION "1.6"
#define PACKAGE_STRING "libgpg-error 1.6"
#define PACKAGE_BUGREPORT "bug-gnupg@gnupg.org"
#define PACKAGE "libgpg-error"
#define VERSION "1.6"
#define _GNU_SOURCE 1
#define STDC_HEADERS 1
#define HAVE_SYS_TYPES_H 1
#define HAVE_SYS_STAT_H 1
#define HAVE_STDLIB_H 1
#define HAVE_STRING_H 1
#define HAVE_MEMORY_H 1
#define HAVE_STRINGS_H 1
#define HAVE_INTTYPES_H 1
#define HAVE_STDINT_H 1
#define HAVE_UNISTD_H 1
#define HAVE_DLFCN_H 1
#define ENABLE_NLS 1
#define HAVE_GETTEXT 1
#define HAVE_DCGETTEXT 1
#define STDC_HEADERS 1
#define HAVE_STDLIB_H 1
#define HAVE_LOCALE_H 1
#define HAVE_DECL_STRERROR_R 1
#define HAVE_STRERROR_R 1
#define STRERROR_R_CHAR_P 1

configure: exit 0
